Build started 06/03/2015 2:54:07 PM.
     1>Project "C:\Users\Skyler\Documents\Visual Studio 2013\Projects\COMP_371_3D_Space_Shooter\COMP_371_Space_Shooter\COMP_371_Space_Shooter.vcxproj" on node 2 (Build target(s)).
     1>ClCompile:
         C:\Program Files (x86)\Microsoft Visual Studio 12.0\VC\bin\CL.exe /c /I"../ThirdParty/glew-1.10.0/include" /I"../ThirdParty/glfw-3.0.4/include" /I../ThirdParty/glm /ZI /nologo /W3 /WX- /sdl /Od /Oy- /D _MBCS /Gm /EHsc /RTC1 /MDd /GS /fp:precise /Zc:wchar_t /Zc:forScope /Fo"Debug\\" /Fd"Debug\vc120.pdb" /Gd /TP /analyze- /errorReport:prompt ..\Source\AsteroidFactory.cpp ..\Source\AsteroidModel.cpp ..\Source\BackgroundFactory.cpp ..\Source\BackgroundSphereModel.cpp ..\Source\BSpline.cpp ..\Source\BSplineCamera.cpp ..\Source\Camera.cpp ..\Source\CubeModel.cpp ..\Source\EventManager.cpp ..\Source\main.cpp ..\Source\Model.cpp ..\Source\Path.cpp ..\Source\Projectile.cpp ..\Source\Renderer.cpp ..\Source\SphereModel.cpp ..\Source\StaticCamera.cpp ..\Source\ThirdPersonCamera.cpp ..\Source\Variables.cpp ..\Source\World.cpp
         World.cpp
     1>c:\users\skyler\documents\visual studio 2013\projects\comp_371_3d_space_shooter\source\world.cpp(123): warning C4018: '<' : signed/unsigned mismatch
         Variables.cpp
         ThirdPersonCamera.cpp
         StaticCamera.cpp
         SphereModel.cpp
         Renderer.cpp
     1>c:\users\skyler\documents\visual studio 2013\projects\comp_371_3d_space_shooter\source\renderer.cpp(118): warning C4018: '<' : signed/unsigned mismatch
         Projectile.cpp
         Path.cpp
         Model.cpp
         GLM: rotate function taking degrees as a parameter is deprecated. #define GLM_FORCE_RADIANS before including GLM headers to remove this message.
         main.cpp
         EventManager.cpp
         CubeModel.cpp
         Camera.cpp
         GLM: perspective function taking degrees as a parameter is deprecated. #define GLM_FORCE_RADIANS before including GLM headers to remove this message.
         BSplineCamera.cpp
         BSpline.cpp
     1>c:\users\skyler\documents\visual studio 2013\projects\comp_371_3d_space_shooter\source\bspline.cpp(192): warning C4018: '<' : signed/unsigned mismatch
         BackgroundSphereModel.cpp
         BackgroundFactory.cpp
         AsteroidModel.cpp
         AsteroidFactory.cpp
         Generating Code...
       Link:
         C:\Program Files (x86)\Microsoft Visual Studio 12.0\VC\bin\link.exe /ERRORREPORT:PROMPT /OUT:"C:\Users\Skyler\Documents\Visual Studio 2013\Projects\COMP_371_3D_Space_Shooter\Debug\COMP_371_Space_Shooter.exe" /INCREMENTAL /NOLOGO /LIBPATH:"../ThirdParty/glew-1.10.0/lib/Release/Win32" /LIBPATH:"../ThirdParty/glfw-3.0.4/lib/Win32/lib-msvc110" opengl32.lib glew32s.lib glfw3.lib kernel32.lib user32.lib gdi32.lib winspool.lib comdlg32.lib advapi32.lib shell32.lib ole32.lib oleaut32.lib uuid.lib odbc32.lib odbccp32.lib kernel32.lib user32.lib gdi32.lib winspool.lib comdlg32.lib advapi32.lib shell32.lib ole32.lib oleaut32.lib uuid.lib odbc32.lib odbccp32.lib /MANIFEST /MANIFESTUAC:"level='asInvoker' uiAccess='false'" /manifest:embed /DEBUG /PDB:"C:\Users\Skyler\Documents\Visual Studio 2013\Projects\COMP_371_3D_Space_Shooter\Debug\COMP_371_Space_Shooter.pdb" /TLBID:1 /DYNAMICBASE /NXCOMPAT /IMPLIB:"C:\Users\Skyler\Documents\Visual Studio 2013\Projects\COMP_371_3D_Space_Shooter\Debug\COMP_371_Space_Shooter.lib" /MACHINE:X86 Debug\AsteroidFactory.obj
         Debug\AsteroidModel.obj
         Debug\BackgroundFactory.obj
         Debug\BackgroundSphereModel.obj
         Debug\BSpline.obj
         Debug\BSplineCamera.obj
         Debug\Camera.obj
         Debug\CubeModel.obj
         Debug\EventManager.obj
         Debug\main.obj
         Debug\Model.obj
         Debug\Path.obj
         Debug\Projectile.obj
         Debug\Renderer.obj
         Debug\SphereModel.obj
         Debug\StaticCamera.obj
         Debug\ThirdPersonCamera.obj
         Debug\Variables.obj
         Debug\World.obj
         LINK : C:\Users\Skyler\Documents\Visual Studio 2013\Projects\COMP_371_3D_Space_Shooter\Debug\COMP_371_Space_Shooter.exe not found or not built by the last incremental link; performing full link
     1>LINK : warning LNK4098: defaultlib 'LIBCMT' conflicts with use of other libs; use /NODEFAULTLIB:library
     1>LINK : warning LNK4098: defaultlib 'MSVCRT' conflicts with use of other libs; use /NODEFAULTLIB:library
     1>glew32s.lib(glew.obj) : warning LNK4099: PDB 'vc100.pdb' was not found with 'glew32s.lib(glew.obj)' or at 'C:\Users\Skyler\Documents\Visual Studio 2013\Projects\COMP_371_3D_Space_Shooter\Debug\vc100.pdb'; linking object as if no debug info
         COMP_371_Space_Shooter.vcxproj -> C:\Users\Skyler\Documents\Visual Studio 2013\Projects\COMP_371_3D_Space_Shooter\Debug\COMP_371_Space_Shooter.exe
     1>Done Building Project "C:\Users\Skyler\Documents\Visual Studio 2013\Projects\COMP_371_3D_Space_Shooter\COMP_371_Space_Shooter\COMP_371_Space_Shooter.vcxproj" (Build target(s)).

Build succeeded.

Time Elapsed 00:00:13.14
