c:\users\awais\documents\visual studio 2013\projects\comp_371_space_shooter\comp_371_space_shooter\debug\vc120.pdb
c:\users\awais\documents\visual studio 2013\projects\comp_371_space_shooter\comp_371_space_shooter\debug\vc120.idb
c:\users\awais\documents\visual studio 2013\projects\comp_371_space_shooter\comp_371_space_shooter\debug\main.obj
c:\users\awais\documents\visual studio 2013\projects\comp_371_space_shooter\comp_371_space_shooter\debug\backgroundspheremodel.obj
c:\users\awais\documents\visual studio 2013\projects\comp_371_space_shooter\comp_371_space_shooter\debug\bspline.obj
c:\users\awais\documents\visual studio 2013\projects\comp_371_space_shooter\comp_371_space_shooter\debug\bsplinecamera.obj
c:\users\awais\documents\visual studio 2013\projects\comp_371_space_shooter\comp_371_space_shooter\debug\camera.obj
c:\users\awais\documents\visual studio 2013\projects\comp_371_space_shooter\comp_371_space_shooter\debug\cubemodel.obj
c:\users\awais\documents\visual studio 2013\projects\comp_371_space_shooter\comp_371_space_shooter\debug\eventmanager.obj
c:\users\awais\documents\visual studio 2013\projects\comp_371_space_shooter\comp_371_space_shooter\debug\path.obj
c:\users\awais\documents\visual studio 2013\projects\comp_371_space_shooter\comp_371_space_shooter\debug\renderer.obj
c:\users\awais\documents\visual studio 2013\projects\comp_371_space_shooter\comp_371_space_shooter\debug\spheremodel.obj
c:\users\awais\documents\visual studio 2013\projects\comp_371_space_shooter\comp_371_space_shooter\debug\staticcamera.obj
c:\users\awais\documents\visual studio 2013\projects\comp_371_space_shooter\comp_371_space_shooter\debug\thirdpersoncamera.obj
c:\users\awais\documents\visual studio 2013\projects\comp_371_space_shooter\comp_371_space_shooter\debug\world.obj
c:\users\awais\documents\visual studio 2013\projects\comp_371_space_shooter\comp_371_space_shooter\debug\asteroidfactory.obj
c:\users\awais\documents\visual studio 2013\projects\comp_371_space_shooter\comp_371_space_shooter\debug\asteroidmodel.obj
c:\users\awais\documents\visual studio 2013\projects\comp_371_space_shooter\comp_371_space_shooter\debug\backgroundfactory.obj
c:\users\awais\documents\visual studio 2013\projects\comp_371_space_shooter\comp_371_space_shooter\debug\model.obj
c:\users\awais\documents\visual studio 2013\projects\comp_371_space_shooter\comp_371_space_shooter\debug\variables.obj
c:\users\awais\source\repos\comp_371_3d_space_shooter\comp_371_space_shooter\debug\vc120.pdb
c:\users\awais\source\repos\comp_371_3d_space_shooter\comp_371_space_shooter\debug\vc120.idb
c:\users\awais\source\repos\comp_371_3d_space_shooter\comp_371_space_shooter\debug\asteroidfactory.obj
c:\users\awais\source\repos\comp_371_3d_space_shooter\comp_371_space_shooter\debug\asteroidmodel.obj
c:\users\awais\source\repos\comp_371_3d_space_shooter\comp_371_space_shooter\debug\backgroundfactory.obj
c:\users\awais\source\repos\comp_371_3d_space_shooter\comp_371_space_shooter\debug\backgroundspheremodel.obj
c:\users\awais\source\repos\comp_371_3d_space_shooter\comp_371_space_shooter\debug\bspline.obj
c:\users\awais\source\repos\comp_371_3d_space_shooter\comp_371_space_shooter\debug\bsplinecamera.obj
c:\users\awais\source\repos\comp_371_3d_space_shooter\comp_371_space_shooter\debug\camera.obj
c:\users\awais\source\repos\comp_371_3d_space_shooter\comp_371_space_shooter\debug\cubemodel.obj
c:\users\awais\source\repos\comp_371_3d_space_shooter\comp_371_space_shooter\debug\eventmanager.obj
c:\users\awais\source\repos\comp_371_3d_space_shooter\comp_371_space_shooter\debug\main.obj
c:\users\awais\source\repos\comp_371_3d_space_shooter\comp_371_space_shooter\debug\model.obj
c:\users\awais\source\repos\comp_371_3d_space_shooter\comp_371_space_shooter\debug\path.obj
c:\users\awais\source\repos\comp_371_3d_space_shooter\comp_371_space_shooter\debug\renderer.obj
c:\users\awais\source\repos\comp_371_3d_space_shooter\comp_371_space_shooter\debug\spheremodel.obj
c:\users\awais\source\repos\comp_371_3d_space_shooter\comp_371_space_shooter\debug\staticcamera.obj
c:\users\awais\source\repos\comp_371_3d_space_shooter\comp_371_space_shooter\debug\thirdpersoncamera.obj
c:\users\awais\source\repos\comp_371_3d_space_shooter\comp_371_space_shooter\debug\variables.obj
c:\users\awais\source\repos\comp_371_3d_space_shooter\comp_371_space_shooter\debug\world.obj
c:\users\awais\documents\visual studio 2013\projects\comp_371_space_shooter\debug\comp_371_space_shooter.ilk
c:\users\awais\documents\visual studio 2013\projects\comp_371_space_shooter\debug\comp_371_space_shooter.exe
c:\users\awais\documents\visual studio 2013\projects\comp_371_space_shooter\debug\comp_371_space_shooter.pdb
c:\users\awais\source\repos\comp_371_3d_space_shooter\debug\comp_371_space_shooter.pdb
c:\users\awais\source\repos\comp_371_3d_space_shooter\comp_371_space_shooter\debug\comp_371.5afb3cd1.tlog\cl.command.1.tlog
c:\users\awais\source\repos\comp_371_3d_space_shooter\comp_371_space_shooter\debug\comp_371.5afb3cd1.tlog\cl.read.1.tlog
c:\users\awais\source\repos\comp_371_3d_space_shooter\comp_371_space_shooter\debug\comp_371.5afb3cd1.tlog\cl.write.1.tlog
c:\users\awais\source\repos\comp_371_3d_space_shooter\comp_371_space_shooter\debug\comp_371.5afb3cd1.tlog\link.1836-cvtres.read.1.tlog
c:\users\awais\source\repos\comp_371_3d_space_shooter\comp_371_space_shooter\debug\comp_371.5afb3cd1.tlog\link.1836-cvtres.write.1.tlog
c:\users\awais\source\repos\comp_371_3d_space_shooter\comp_371_space_shooter\debug\comp_371.5afb3cd1.tlog\link.1836-rc.read.1.tlog
c:\users\awais\source\repos\comp_371_3d_space_shooter\comp_371_space_shooter\debug\comp_371.5afb3cd1.tlog\link.1836-rc.write.1.tlog
c:\users\awais\source\repos\comp_371_3d_space_shooter\comp_371_space_shooter\debug\comp_371.5afb3cd1.tlog\link.1836.read.1.tlog
c:\users\awais\source\repos\comp_371_3d_space_shooter\comp_371_space_shooter\debug\comp_371.5afb3cd1.tlog\link.1836.write.1.tlog
c:\users\awais\source\repos\comp_371_3d_space_shooter\comp_371_space_shooter\debug\comp_371.5afb3cd1.tlog\link.command.1.tlog
c:\users\awais\source\repos\comp_371_3d_space_shooter\comp_371_space_shooter\debug\comp_371.5afb3cd1.tlog\link.read.1.tlog
c:\users\awais\source\repos\comp_371_3d_space_shooter\comp_371_space_shooter\debug\comp_371.5afb3cd1.tlog\link.write.1.tlog
