Build started 3/3/2015 9:24:17 PM.
     1>Project "C:\Users\Nick\Source\Repos\COMP_371_3D_Space_Shooter\COMP_371_Project\COMP_371_Project\COMP_371_Project.vcxproj" on node 2 (Build target(s)).
     1>ClCompile:
         C:\Program Files (x86)\Microsoft Visual Studio 12.0\VC\bin\CL.exe /c /I"../ThirdParty/glew-1.10.0/include" /I"../ThirdParty/glfw-3.0.4/include" /I../ThirdParty/glm /ZI /nologo /W3 /WX- /sdl /Od /Oy- /D _MBCS /Gm /EHsc /RTC1 /MDd /GS /fp:precise /Zc:wchar_t /Zc:forScope /Fo"Debug\\" /Fd"Debug\vc120.pdb" /Gd /TP /analyze- /errorReport:prompt ..\Source\World.cpp
         World.cpp
     1>c:\users\nick\source\repos\comp_371_3d_space_shooter\comp_371_project\source\world.cpp(123): warning C4018: '<' : signed/unsigned mismatch
       Link:
         C:\Program Files (x86)\Microsoft Visual Studio 12.0\VC\bin\link.exe /ERRORREPORT:PROMPT /OUT:"C:\Users\Nick\Source\Repos\COMP_371_3D_Space_Shooter\COMP_371_Project\Debug\COMP_371_Project.exe" /INCREMENTAL /NOLOGO /LIBPATH:"../ThirdParty/glew-1.10.0/lib/Release/Win32" /LIBPATH:"../ThirdParty/glfw-3.0.4/lib/Win32/lib-msvc120" opengl32.lib glew32s.lib glfw3.lib kernel32.lib user32.lib gdi32.lib winspool.lib comdlg32.lib advapi32.lib shell32.lib ole32.lib oleaut32.lib uuid.lib odbc32.lib odbccp32.lib kernel32.lib user32.lib gdi32.lib winspool.lib comdlg32.lib advapi32.lib shell32.lib ole32.lib oleaut32.lib uuid.lib odbc32.lib odbccp32.lib /MANIFEST /MANIFESTUAC:"level='asInvoker' uiAccess='false'" /manifest:embed /DEBUG /PDB:"C:\Users\Nick\Source\Repos\COMP_371_3D_Space_Shooter\COMP_371_Project\Debug\COMP_371_Project.pdb" /TLBID:1 /DYNAMICBASE /NXCOMPAT /IMPLIB:"C:\Users\Nick\Source\Repos\COMP_371_3D_Space_Shooter\COMP_371_Project\Debug\COMP_371_Project.lib" /MACHINE:X86 Debug\AsteroidFactory.obj
         Debug\AsteroidModel.obj
         Debug\BSpline.obj
         Debug\BSplineCamera.obj
         Debug\Camera.obj
         Debug\CubeModel.obj
         Debug\EventManager.obj
         Debug\main.obj
         Debug\Model.obj
         Debug\Path.obj
         Debug\Projectile.obj
         Debug\Renderer.obj
         Debug\SphereModel.obj
         Debug\StaticCamera.obj
         Debug\ThirdPersonCamera.obj
         Debug\Variables.obj
         Debug\World.obj
         COMP_371_Project.vcxproj -> C:\Users\Nick\Source\Repos\COMP_371_3D_Space_Shooter\COMP_371_Project\Debug\COMP_371_Project.exe
     1>Done Building Project "C:\Users\Nick\Source\Repos\COMP_371_3D_Space_Shooter\COMP_371_Project\COMP_371_Project\COMP_371_Project.vcxproj" (Build target(s)).

Build succeeded.

Time Elapsed 00:00:01.26
